<?xml version="1.0" encoding="UTF-8"?>
<testsuite xmlns:xsi="http://www.w3.org/2001/XMLSchema-instance" xsi:noNamespaceSchemaLocation="https://maven.apache.org/surefire/maven-surefire-plugin/xsd/surefire-test-report-3.0.xsd" version="3.0" name="com.weather.WeatherApplicationTests" time="1.091" tests="1" errors="0" skipped="0" failures="0">
  <properties>
[...]
</properties>
  <testcase name="contextLoads" classname="com.weather.WeatherApplicationTests" time="0.307">
    <system-out><![CDATA[01:16:54.158 [main] INFO org.springframework.test.context.support.AnnotationConfigContextLoaderUtils -- Could not detect default configuration classes for test class [com.weather.WeatherApplicationTests]: WeatherApplicationTests does not declare any static, non-private, non-final, nested classes annotated with @Configuration.
01:16:54.200 [main] INFO org.springframework.boot.test.context.SpringBootTestContextBootstrapper -- Found @SpringBootConfiguration com.weather.WeatherApplication for test class com.weather.WeatherApplicationTests

  .   ____          _            __ _ _
 /\\ / ___'_ __ _ _(_)_ __  __ _ \ \ \ \
( ( )\___ | '_ | '_| | '_ \/ _` | \ \ \ \
 \\/  ___)| |_)| | | | | || (_| |  ) ) ) )
  '  |____| .__|_| |_|_| |_\__, | / / / /
 =========|_|==============|___/=/_/_/_/
&amp#27;[32m :: Spring Boot :: &amp#27;[39m              &amp#27;[2m (v3.2.5)&amp#27;[0;39m

&amp#27;[2m2026-06-18T01:16:54.348+05:30&amp#27;[0;39m &amp#27;[32m INFO&amp#27;[0;39m &amp#27;[35m41647&amp#27;[0;39m &amp#27;[2m---&amp#27;[0;39m &amp#27;[2m[           main]&amp#27;[0;39m &amp#27;[2m&amp#27;[0;39m&amp#27;[36mcom.weather.WeatherApplicationTests     &amp#27;[0;39m &amp#27;[2m:&amp#27;[0;39m Starting WeatherApplicationTests using Java 24 with PID 41647 (started by aditikahar in /Users/aditikahar/bhavesh/Weather-Application)
&amp#27;[2m2026-06-18T01:16:54.349+05:30&amp#27;[0;39m &amp#27;[32mDEBUG&amp#27;[0;39m &amp#27;[35m41647&amp#27;[0;39m &amp#27;[2m---&amp#27;[0;39m &amp#27;[2m[           main]&amp#27;[0;39m &amp#27;[2m&amp#27;[0;39m&amp#27;[36mcom.weather.WeatherApplicationTests     &amp#27;[0;39m &amp#27;[2m:&amp#27;[0;39m Running with Spring Boot v3.2.5, Spring v6.1.6
&amp#27;[2m2026-06-18T01:16:54.349+05:30&amp#27;[0;39m &amp#27;[32m INFO&amp#27;[0;39m &amp#27;[35m41647&amp#27;[0;39m &amp#27;[2m---&amp#27;[0;39m &amp#27;[2m[           main]&amp#27;[0;39m &amp#27;[2m&amp#27;[0;39m&amp#27;[36mcom.weather.WeatherApplicationTests     &amp#27;[0;39m &amp#27;[2m:&amp#27;[0;39m No active profile set, falling back to 1 default profile: "default"
&amp#27;[2m2026-06-18T01:16:54.762+05:30&amp#27;[0;39m &amp#27;[32m INFO&amp#27;[0;39m &amp#27;[35m41647&amp#27;[0;39m &amp#27;[2m---&amp#27;[0;39m &amp#27;[2m[           main]&amp#27;[0;39m &amp#27;[2m&amp#27;[0;39m&amp#27;[36mo.s.b.a.w.s.WelcomePageHandlerMapping   &amp#27;[0;39m &amp#27;[2m:&amp#27;[0;39m Adding welcome page: class path resource [static/index.html]
&amp#27;[2m2026-06-18T01:16:54.885+05:30&amp#27;[0;39m &amp#27;[32m INFO&amp#27;[0;39m &amp#27;[35m41647&amp#27;[0;39m &amp#27;[2m---&amp#27;[0;39m &amp#27;[2m[           main]&amp#27;[0;39m &amp#27;[2m&amp#27;[0;39m&amp#27;[36mcom.weather.WeatherApplicationTests     &amp#27;[0;39m &amp#27;[2m:&amp#27;[0;39m Started WeatherApplicationTests in 0.64 seconds (process running for 0.989)
]]></system-out>
    <system-err><![CDATA[WARNING: A Java agent has been loaded dynamically (/Users/aditikahar/.m2/repository/net/bytebuddy/byte-buddy-agent/1.14.13/byte-buddy-agent-1.14.13.jar)
WARNING: If a serviceability tool is in use, please run with -XX:+EnableDynamicAgentLoading to hide this warning
WARNING: If a serviceability tool is not in use, please run with -Djdk.instrument.traceUsage for more information
WARNING: Dynamic loading of agents will be disallowed by default in a future release
]]></system-err>
  </testcase>
</testsuite>